<?xml version="1.0" encoding="UTF-8"?>
<!-- Generated by org.testng.reporters.JUnitXMLReporter -->
<testsuite ignored="0" hostname="LAPTOP-TBG7DKGB" failures="0" tests="3" name="Test" time="306.043" errors="0" timestamp="2023-01-24T13:52:01 IST">
  <testcase classname="testngpack1.veifyHomePage" name="verifySearchbutton" time="5.355"/>
  <testcase classname="testngpack1.veifyHomePage" name="verifySigninbutton" time="21.876"/>
  <testcase classname="testngpack1.verifymobile" name="verifymobilename" time="40.09"/>
</testsuite> <!-- Test -->
