<?xml version="1.0" encoding="UTF-8"?>
<!-- Generated by org.testng.reporters.JUnitXMLReporter -->
<testsuite ignored="0" hostname="LAPTOP-TBG7DKGB" failures="0" tests="2" name="FirefoxTest" time="43.835" errors="0" timestamp="2023-01-28T19:04:22 IST">
  <testcase classname="testngpack1.crossbrowser" name="@BeforeMethod beforeMethod" time="24.564">
    <failure type="org.openqa.selenium.interactions.MoveTargetOutOfBoundsException" message="Origin element is not displayed
Build info: version: &amp;apos;3.141.59&amp;apos;, revision: &amp;apos;e82be7d358&amp;apos;, time: &amp;apos;2018-11-14T08:17:03&amp;apos;
System info: host: &amp;apos;LAPTOP-TBG7DKGB&amp;apos;, ip: &amp;apos;192.168.1.4&amp;apos;, os.name: &amp;apos;Windows 10&amp;apos;, os.arch: &amp;apos;amd64&amp;apos;, os.version: &amp;apos;10.0&amp;apos;, java.version: &amp;apos;17.0.4.1&amp;apos;
Driver info: org.openqa.selenium.firefox.FirefoxDriver
Capabilities {acceptInsecureCerts: true, browserName: firefox, browserVersion: 109.0, javascriptEnabled: true, moz:accessibilityChecks: false, moz:buildID: 20230112150232, moz:geckodriverVersion: 0.32.0, moz:headless: false, moz:platformVersion: 10.0, moz:processID: 13020, moz:profile: C:\Users\Sai\AppData\Local\..., moz:shutdownTimeout: 60000, moz:useNonSpecCompliantPointerOrigin: false, moz:webdriverClick: true, moz:windowless: false, pageLoadStrategy: normal, platform: WINDOWS, platformName: WINDOWS, proxy: Proxy(), setWindowRect: true, strictFileInteractability: false, timeouts: {implicit: 0, pageLoad: 300000, script: 30000}, unhandledPromptBehavior: dismiss and notify}
Session ID: d6c69dc8-ae67-43d0-941b-fe0748a39290">
      <![CDATA[org.openqa.selenium.interactions.MoveTargetOutOfBoundsException: Origin element is not displayed
Build info: version: '3.141.59', revision: 'e82be7d358', time: '2018-11-14T08:17:03'
System info: host: 'LAPTOP-TBG7DKGB', ip: '192.168.1.4', os.name: 'Windows 10', os.arch: 'amd64', os.version: '10.0', java.version: '17.0.4.1'
Driver info: org.openqa.selenium.firefox.FirefoxDriver
Capabilities {acceptInsecureCerts: true, browserName: firefox, browserVersion: 109.0, javascriptEnabled: true, moz:accessibilityChecks: false, moz:buildID: 20230112150232, moz:geckodriverVersion: 0.32.0, moz:headless: false, moz:platformVersion: 10.0, moz:processID: 13020, moz:profile: C:\Users\Sai\AppData\Local\..., moz:shutdownTimeout: 60000, moz:useNonSpecCompliantPointerOrigin: false, moz:webdriverClick: true, moz:windowless: false, pageLoadStrategy: normal, platform: WINDOWS, platformName: WINDOWS, proxy: Proxy(), setWindowRect: true, strictFileInteractability: false, timeouts: {implicit: 0, pageLoad: 300000, script: 30000}, unhandledPromptBehavior: dismiss and notify}
Session ID: d6c69dc8-ae67-43d0-941b-fe0748a39290
at org.openqa.selenium.remote.http.W3CHttpResponseCodec.createException(W3CHttpResponseCodec.java:187)
at org.openqa.selenium.remote.http.W3CHttpResponseCodec.decode(W3CHttpResponseCodec.java:122)
at org.openqa.selenium.remote.http.W3CHttpResponseCodec.decode(W3CHttpResponseCodec.java:49)
at org.openqa.selenium.remote.HttpCommandExecutor.execute(HttpCommandExecutor.java:158)
at org.openqa.selenium.remote.service.DriverCommandExecutor.execute(DriverCommandExecutor.java:83)
at org.openqa.selenium.remote.RemoteWebDriver.execute(RemoteWebDriver.java:552)
at org.openqa.selenium.remote.RemoteWebDriver.perform(RemoteWebDriver.java:618)
at org.openqa.selenium.interactions.Actions$BuiltAction.perform(Actions.java:639)
at practicepack.search.clinkonsignbutton(search.java:45)
at testngpack1.crossbrowser.beforeMethod(crossbrowser.java:58)
at java.base/java.util.ArrayList.forEach(ArrayList.java:1511)
... Removed 36 stack frames]]>
    </failure>
  </testcase> <!-- @BeforeMethod beforeMethod -->
  <testcase classname="testngpack1.crossbrowser" name="@AfterMethod afterMethod" time="-1.674912862627E9">
    <skipped/>
  </testcase> <!-- @AfterMethod afterMethod -->
  <testcase classname="testngpack1.crossbrowser" name="@BeforeMethod beforeMethod" time="-1.674912862637E9">
    <skipped/>
  </testcase> <!-- @BeforeMethod beforeMethod -->
  <testcase classname="testngpack1.crossbrowser" name="@AfterMethod afterMethod" time="-1.674912862646E9">
    <skipped/>
  </testcase> <!-- @AfterMethod afterMethod -->
  <testcase classname="testngpack1.crossbrowser" name="@AfterClass closeBrowser" time="-1.674912862648E9">
    <skipped/>
  </testcase> <!-- @AfterClass closeBrowser -->
  <testcase classname="testngpack1.crossbrowser" name="@AfterTest afterClass" time="-1.674912862656E9">
    <skipped/>
  </testcase> <!-- @AfterTest afterClass -->
  <testcase classname="testngpack1.crossbrowser" name="verifySearchbutton" time="0.0">
    <skipped/>
  </testcase> <!-- verifySearchbutton -->
  <testcase classname="testngpack1.crossbrowser" name="verifySigninbutton" time="0.0">
    <skipped/>
  </testcase> <!-- verifySigninbutton -->
</testsuite> <!-- FirefoxTest -->
